This is pdfTeX, Version 3.141592653-2.6-1.40.24 (MiKTeX 22.10) (preloaded format=pdflatex 2022.10.26)  7 DEC 2022 12:39
entering extended mode
 restricted \write18 enabled.
 %&-line parsing enabled.
**./paper_rewiring.tex
(paper_rewiring.tex
LaTeX2e <2022-06-01> patch level 5
L3 programming layer <2022-09-28>
(C:\Users\Ciencia de Datos\AppData\Local\Programs\MiKTeX\tex/latex/ieeetran\IEE
Etran.cls
Document Class: IEEEtran 2015/08/26 V1.8b by Michael Shell
-- See the "IEEEtran_HOWTO" manual for usage information.
-- http://www.michaelshell.org/tex/ieeetran/
\@IEEEtrantmpdimenA=\dimen138
\@IEEEtrantmpdimenB=\dimen139
\@IEEEtrantmpdimenC=\dimen140
\@IEEEtrantmpcountA=\count185
\@IEEEtrantmpcountB=\count186
\@IEEEtrantmpcountC=\count187
\@IEEEtrantmptoksA=\toks16
LaTeX Font Info:    Trying to load font information for OT1+ppl on input line 5
03.

(C:\Users\Ciencia de Datos\AppData\Local\Programs\MiKTeX\tex/latex/psnfss\ot1pp
l.fd
File: ot1ppl.fd 2001/06/04 font definitions for OT1/ppl.
)
-- Using IEEE Computer Society mode.
-- Using 8.5in x 11in (letter) paper.
-- Using PDF output.
\@IEEEnormalsizeunitybaselineskip=\dimen141
-- This is a 10 point document.
\CLASSINFOnormalsizebaselineskip=\dimen142
\CLASSINFOnormalsizeunitybaselineskip=\dimen143
\IEEEnormaljot=\dimen144
LaTeX Font Info:    Font shape `OT1/ppl/bx/n' in size <5.01874> not available
(Font)              Font shape `OT1/ppl/b/n' tried instead on input line 1090.
LaTeX Font Info:    Font shape `OT1/ppl/bx/it' in size <5.01874> not available
(Font)              Font shape `OT1/ppl/b/it' tried instead on input line 1090.

LaTeX Font Info:    Font shape `OT1/ppl/bx/n' in size <7.02625> not available
(Font)              Font shape `OT1/ppl/b/n' tried instead on input line 1090.
LaTeX Font Info:    Font shape `OT1/ppl/bx/it' in size <7.02625> not available
(Font)              Font shape `OT1/ppl/b/it' tried instead on input line 1090.

LaTeX Font Info:    Font shape `OT1/ppl/bx/n' in size <8.03> not available
(Font)              Font shape `OT1/ppl/b/n' tried instead on input line 1090.
LaTeX Font Info:    Font shape `OT1/ppl/bx/it' in size <8.03> not available
(Font)              Font shape `OT1/ppl/b/it' tried instead on input line 1090.

LaTeX Font Info:    Font shape `OT1/ppl/bx/n' in size <9.03374> not available
(Font)              Font shape `OT1/ppl/b/n' tried instead on input line 1090.
LaTeX Font Info:    Font shape `OT1/ppl/bx/it' in size <9.03374> not available
(Font)              Font shape `OT1/ppl/b/it' tried instead on input line 1090.

LaTeX Font Info:    Font shape `OT1/ppl/bx/n' in size <9.53561> not available
(Font)              Font shape `OT1/ppl/b/n' tried instead on input line 1090.
LaTeX Font Info:    Font shape `OT1/ppl/bx/it' in size <9.53561> not available
(Font)              Font shape `OT1/ppl/b/it' tried instead on input line 1090.

LaTeX Font Info:    Font shape `OT1/ppl/bx/n' in size <11.04124> not available
(Font)              Font shape `OT1/ppl/b/n' tried instead on input line 1090.
LaTeX Font Info:    Font shape `OT1/ppl/bx/it' in size <11.04124> not available

(Font)              Font shape `OT1/ppl/b/it' tried instead on input line 1090.

LaTeX Font Info:    Font shape `OT1/ppl/bx/n' in size <12.045> not available
(Font)              Font shape `OT1/ppl/b/n' tried instead on input line 1090.
LaTeX Font Info:    Font shape `OT1/ppl/bx/it' in size <12.045> not available
(Font)              Font shape `OT1/ppl/b/it' tried instead on input line 1090.

LaTeX Font Info:    Font shape `OT1/ppl/bx/n' in size <17.06374> not available
(Font)              Font shape `OT1/ppl/b/n' tried instead on input line 1090.
LaTeX Font Info:    Font shape `OT1/ppl/bx/it' in size <17.06374> not available

(Font)              Font shape `OT1/ppl/b/it' tried instead on input line 1090.

LaTeX Font Info:    Font shape `OT1/ppl/bx/n' in size <20.075> not available
(Font)              Font shape `OT1/ppl/b/n' tried instead on input line 1090.
LaTeX Font Info:    Font shape `OT1/ppl/bx/it' in size <20.075> not available
(Font)              Font shape `OT1/ppl/b/it' tried instead on input line 1090.

LaTeX Font Info:    Font shape `OT1/ppl/bx/n' in size <24.09> not available
(Font)              Font shape `OT1/ppl/b/n' tried instead on input line 1090.
LaTeX Font Info:    Font shape `OT1/ppl/bx/it' in size <24.09> not available
(Font)              Font shape `OT1/ppl/b/it' tried instead on input line 1090.

\IEEEquantizedlength=\dimen145
\IEEEquantizedlengthdiff=\dimen146
\IEEEquantizedtextheightdiff=\dimen147
\IEEEilabelindentA=\dimen148
\IEEEilabelindentB=\dimen149
\IEEEilabelindent=\dimen150
\IEEEelabelindent=\dimen151
\IEEEdlabelindent=\dimen152
\IEEElabelindent=\dimen153
\IEEEiednormlabelsep=\dimen154
\IEEEiedmathlabelsep=\dimen155
\IEEEiedtopsep=\skip47
\c@section=\count188
\c@subsection=\count189
\c@subsubsection=\count190
\c@paragraph=\count191
\c@IEEEsubequation=\count192
\abovecaptionskip=\skip48
\belowcaptionskip=\skip49
\c@figure=\count193
\c@table=\count194
\@IEEEeqnnumcols=\count195
\@IEEEeqncolcnt=\count196
\@IEEEsubeqnnumrollback=\count197
\@IEEEquantizeheightA=\dimen156
\@IEEEquantizeheightB=\dimen157
\@IEEEquantizeheightC=\dimen158
\@IEEEquantizeprevdepth=\dimen159
\@IEEEquantizemultiple=\count198
\@IEEEquantizeboxA=\box51
\@IEEEtmpitemindent=\dimen160
\IEEEPARstartletwidth=\dimen161
\c@IEEEbiography=\count199
\@IEEEtranrubishbin=\box52
)
(C:\Users\Ciencia de Datos\AppData\Local\Programs\MiKTeX\tex/latex/xcolor\xcolo
r.sty
Package: xcolor 2022/06/12 v2.14 LaTeX color extensions (UK)

(C:\Users\Ciencia de Datos\AppData\Local\Programs\MiKTeX\tex/latex/graphics-cfg
\color.cfg
File: color.cfg 2016/01/02 v1.6 sample color configuration
)
Package xcolor Info: Driver file: pdftex.def on input line 227.

(C:\Users\Ciencia de Datos\AppData\Local\Programs\MiKTeX\tex/latex/graphics-def
\pdftex.def
File: pdftex.def 2022/09/22 v1.2b Graphics/color driver for pdftex
\stockwidth=\dimen162
\stockheight=\dimen163
)
(C:\Users\Ciencia de Datos\AppData\Local\Programs\MiKTeX\tex/latex/graphics\mat
hcolor.ltx)
Package xcolor Info: Model `cmy' substituted by `cmy0' on input line 1353.
Package xcolor Info: Model `hsb' substituted by `rgb' on input line 1357.
Package xcolor Info: Model `RGB' extended on input line 1369.
Package xcolor Info: Model `HTML' substituted by `rgb' on input line 1371.
Package xcolor Info: Model `Hsb' substituted by `hsb' on input line 1372.
Package xcolor Info: Model `tHsb' substituted by `hsb' on input line 1373.
Package xcolor Info: Model `HSB' substituted by `hsb' on input line 1374.
Package xcolor Info: Model `Gray' substituted by `gray' on input line 1375.
Package xcolor Info: Model `wave' substituted by `hsb' on input line 1376.
)
(C:\Users\Ciencia de Datos\AppData\Local\Programs\MiKTeX\tex/latex/cite\cite.st
y
LaTeX Info: Redefining \cite on input line 302.
LaTeX Info: Redefining \nocite on input line 332.
Package: cite 2015/02/27  v 5.5
)
(C:\Users\Ciencia de Datos\AppData\Local\Programs\MiKTeX\tex/latex/l3backend\l3
backend-pdftex.def
File: l3backend-pdftex.def 2022-09-28 L3 backend support: PDF output (pdfTeX)
\l__color_backend_stack_int=\count266
\l__pdf_internal_box=\box53
) (paper_rewiring.aux)
\openout1 = `paper_rewiring.aux'.

LaTeX Font Info:    Checking defaults for OML/cmm/m/it on input line 369.
LaTeX Font Info:    ... okay on input line 369.
LaTeX Font Info:    Checking defaults for OMS/cmsy/m/n on input line 369.
LaTeX Font Info:    ... okay on input line 369.
LaTeX Font Info:    Checking defaults for OT1/cmr/m/n on input line 369.
LaTeX Font Info:    ... okay on input line 369.
LaTeX Font Info:    Checking defaults for T1/cmr/m/n on input line 369.
LaTeX Font Info:    ... okay on input line 369.
LaTeX Font Info:    Checking defaults for TS1/cmr/m/n on input line 369.
LaTeX Font Info:    ... okay on input line 369.
LaTeX Font Info:    Checking defaults for OMX/cmex/m/n on input line 369.
LaTeX Font Info:    ... okay on input line 369.
LaTeX Font Info:    Checking defaults for U/cmr/m/n on input line 369.
LaTeX Font Info:    ... okay on input line 369.

-- Lines per column: 61 (exact).

(C:\Users\Ciencia de Datos\AppData\Local\Programs\MiKTeX\tex/context/base/mkii\
supp-pdf.mkii
[Loading MPS to PDF converter (version 2006.09.02).]
\scratchcounter=\count267
\scratchdimen=\dimen164
\scratchbox=\box54
\nofMPsegments=\count268
\nofMParguments=\count269
\everyMPshowfont=\toks17
\MPscratchCnt=\count270
\MPscratchDim=\dimen165
\MPnumerator=\count271
\makeMPintoPDFobject=\count272
\everyMPtoPDFconversion=\toks18
) (sections/0-Abstract.tex)
LaTeX Font Info:    Trying to load font information for OT1+phv on input line 4
78.

(C:\Users\Ciencia de Datos\AppData\Local\Programs\MiKTeX\tex/latex/psnfss\ot1ph
v.fd
File: ot1phv.fd 2020/03/25 scalable font definitions for OT1/phv.
)
LaTeX Font Info:    Font shape `OT1/phv/m/it' in size <11.04124> not available
(Font)              Font shape `OT1/phv/m/sl' tried instead on input line 478.
LaTeX Font Info:    Calculating math sizes for size <8.03> on input line 478.
LaTeX Font Info:    External font `cmex10' loaded for size
(Font)              <8.03> on input line 478.
LaTeX Font Info:    External font `cmex10' loaded for size
(Font)              <5.62097> on input line 478.
LaTeX Font Info:    External font `cmex10' loaded for size
(Font)              <4.015> on input line 478.
LaTeX Font Info:    Calculating math sizes for size <11.04124> on input line 47
8.
LaTeX Font Info:    External font `cmex10' loaded for size
(Font)              <11.04124> on input line 478.
LaTeX Font Info:    External font `cmex10' loaded for size
(Font)              <7.72884> on input line 478.
LaTeX Font Info:    External font `cmex10' loaded for size
(Font)              <5.52061> on input line 478.
LaTeX Font Info:    Trying to load font information for U+pzd on input line 478
.

(C:\Users\Ciencia de Datos\AppData\Local\Programs\MiKTeX\tex/latex/psnfss\upzd.
fd
File: upzd.fd 2001/06/04 font definitions for U/pzd.
) (sections/2-RelatedWork.tex) (sections/3-Methodology.tex
LaTeX Font Info:    Calculating math sizes for size <9.53561> on input line 4.
LaTeX Font Info:    External font `cmex10' loaded for size
(Font)              <9.53561> on input line 4.
LaTeX Font Info:    External font `cmex10' loaded for size
(Font)              <6.6749> on input line 4.
LaTeX Font Info:    External font `cmex10' loaded for size
(Font)              <4.7678> on input line 4.
LaTeX Font Info:    Font shape `OT1/phv/m/it' in size <9.53561> not available
(Font)              Font shape `OT1/phv/m/sl' tried instead on input line 10.
LaTeX Font Info:    Calculating math sizes for size <7.02625> on input line 55.

LaTeX Font Info:    External font `cmex10' loaded for size
(Font)              <7.02625> on input line 55.
LaTeX Font Info:    External font `cmex10' loaded for size
(Font)              <4.91833> on input line 55.
LaTeX Font Info:    External font `cmex10' loaded for size
(Font)              <3.51312> on input line 55.
 [1{C:/Users/Ciencia de Datos/AppData/Local/MiKTeX/fonts/map/pdftex/pdftex.map}


])
(sections/4-ExperimentsResults.tex) (sections/5-Conclusions.tex) [2]
(paper_rewiring.aux) ) 
Here is how much of TeX's memory you used:
 2532 strings out of 475385
 44295 string characters out of 2771678
 402655 words of memory out of 3000000
 23910 multiletter control sequences out of 15000+600000
 515586 words of font info for 112 fonts, out of 8000000 for 9000
 1144 hyphenation exceptions out of 8191
 38i,9n,47p,702b,395s stack positions out of 10000i,1000n,20000p,200000b,80000s
{C:/Users/Ciencia de Datos/AppData/Local/Programs/MiKTeX/
fonts/enc/dvips/base/8r.enc}<C:/Users/Ciencia de Datos/AppData/Local/Programs/M
iKTeX/fonts/type1/public/amsfonts/cm/cmmi10.pfb><C:/Users/Ciencia de Datos/AppD
ata/Local/Programs/MiKTeX/fonts/type1/public/amsfonts/cm/cmmi7.pfb><C:/Users/Ci
encia de Datos/AppData/Local/Programs/MiKTeX/fonts/type1/public/amsfonts/cm/cmr
10.pfb><C:/Users/Ciencia de Datos/AppData/Local/Programs/MiKTeX/fonts/type1/pub
lic/amsfonts/cm/cmsy10.pfb><C:/Users/Ciencia de Datos/AppData/Local/Programs/Mi
KTeX/fonts/type1/public/amsfonts/cm/cmsy7.pfb><C:/Users/Ciencia de Datos/AppDat
a/Local/Programs/MiKTeX/fonts/type1/public/amsfonts/cm/cmsy8.pfb><C:/Users/Cien
cia de Datos/AppData/Local/Programs/MiKTeX/fonts/type1/urw/helvetic/uhvb8a.pfb>
<C:/Users/Ciencia de Datos/AppData/Local/Programs/MiKTeX/fonts/type1/urw/helvet
ic/uhvr8a.pfb><C:/Users/Ciencia de Datos/AppData/Local/Programs/MiKTeX/fonts/ty
pe1/urw/helvetic/uhvro8a.pfb><C:/Users/Ciencia de Datos/AppData/Local/Programs/
MiKTeX/fonts/type1/urw/palatino/uplb8a.pfb><C:/Users/Ciencia de Datos/AppData/L
ocal/Programs/MiKTeX/fonts/type1/urw/palatino/uplr8a.pfb><C:/Users/Ciencia de D
atos/AppData/Local/Programs/MiKTeX/fonts/type1/urw/palatino/uplri8a.pfb><C:/Use
rs/Ciencia de Datos/AppData/Local/Programs/MiKTeX/fonts/type1/urw/zapfding/uzdr
.pfb>
Output written on paper_rewiring.pdf (2 pages, 147759 bytes).
PDF statistics:
 75 PDF objects out of 1000 (max. 8388607)
 0 named destinations out of 1000 (max. 500000)
 1 words of extra memory for PDF output out of 10000 (max. 10000000)

