This is pdfTeX, Version 3.141592653-2.6-1.40.24 (MiKTeX 22.10) (preloaded format=pdflatex 2022.10.26)  6 JAN 2023 00:36
entering extended mode
 restricted \write18 enabled.
 %&-line parsing enabled.
**./sn-article.tex
(sn-article.tex
LaTeX2e <2022-06-01> patch level 5
L3 programming layer <2022-09-28> (sn-jnl.cls
Document Class: sn-jnl 2019/11/18 v0.1: An authoring template for Springer Jour
nal articles
(D:\Aplicaciones\MikTex\tex/latex/base\article.cls
Document Class: article 2021/10/04 v1.4n Standard LaTeX document class
(D:\Aplicaciones\MikTex\tex/latex/base\fleqn.clo
File: fleqn.clo 2016/12/29 v1.2b Standard LaTeX option (flush left equations)
\mathindent=\skip47
Applying: [2015/01/01] Make \[ robust on input line 50.
LaTeX Info: Redefining \[ on input line 51.
Already applied: [0000/00/00] Make \[ robust on input line 62.
Applying: [2015/01/01] Make \] robust on input line 74.
LaTeX Info: Redefining \] on input line 75.
Already applied: [0000/00/00] Make \] robust on input line 83.
)
(D:\Aplicaciones\MikTex\tex/latex/base\size10.clo
File: size10.clo 2021/10/04 v1.4n Standard LaTeX file (size option)
)
\c@part=\count185
\c@section=\count186
\c@subsection=\count187
\c@subsubsection=\count188
\c@paragraph=\count189
\c@subparagraph=\count190
\c@figure=\count191
\c@table=\count192
\abovecaptionskip=\skip48
\belowcaptionskip=\skip49
\bibindent=\dimen138
)
LaTeX Info: Redefining \rm on input line 138.
LaTeX Info: Redefining \sf on input line 139.
LaTeX Info: Redefining \tt on input line 140.
LaTeX Info: Redefining \bf on input line 141.
LaTeX Info: Redefining \it on input line 142.
LaTeX Info: Redefining \sl on input line 143.
LaTeX Info: Redefining \sc on input line 144.
LaTeX Info: Redefining \cal on input line 145.
LaTeX Info: Redefining \mit on input line 146.
LaTeX Info: Redefining \textsubscript on input line 204.
\columnhsize=\skip50

(D:\Aplicaciones\MikTex\tex/latex/geometry\geometry.sty
Package: geometry 2020/01/02 v5.9 Page Geometry

(D:\Aplicaciones\MikTex\tex/latex/graphics\keyval.sty
Package: keyval 2022/05/29 v1.15 key=value parser (DPC)
\KV@toks@=\toks16
)
(D:\Aplicaciones\MikTex\tex/generic/iftex\ifvtex.sty
Package: ifvtex 2019/10/25 v1.7 ifvtex legacy package. Use iftex instead.

(D:\Aplicaciones\MikTex\tex/generic/iftex\iftex.sty
Package: iftex 2022/02/03 v1.0f TeX engine tests
))
\Gm@cnth=\count193
\Gm@cntv=\count194
\c@Gm@tempcnt=\count195
\Gm@bindingoffset=\dimen139
\Gm@wd@mp=\dimen140
\Gm@odd@mp=\dimen141
\Gm@even@mp=\dimen142
\Gm@layoutwidth=\dimen143
\Gm@layoutheight=\dimen144
\Gm@layouthoffset=\dimen145
\Gm@layoutvoffset=\dimen146
\Gm@dimlist=\toks17

(D:\Aplicaciones\MikTex\tex/latex/geometry\geometry.cfg))
(D:\Aplicaciones\MikTex\tex/latex/graphics\graphicx.sty
Package: graphicx 2021/09/16 v1.2d Enhanced LaTeX Graphics (DPC,SPQR)

(D:\Aplicaciones\MikTex\tex/latex/graphics\graphics.sty
Package: graphics 2022/03/10 v1.4e Standard LaTeX Graphics (DPC,SPQR)

(D:\Aplicaciones\MikTex\tex/latex/graphics\trig.sty
Package: trig 2021/08/11 v1.11 sin cos tan (DPC)
)
(D:\Aplicaciones\MikTex\tex/latex/graphics-cfg\graphics.cfg
File: graphics.cfg 2016/06/04 v1.11 sample graphics configuration
)
Package graphics Info: Driver file: pdftex.def on input line 107.

(D:\Aplicaciones\MikTex\tex/latex/graphics-def\pdftex.def
File: pdftex.def 2022/09/22 v1.2b Graphics/color driver for pdftex
\stockwidth=\dimen147
\stockheight=\dimen148
))
\Gin@req@height=\dimen149
\Gin@req@width=\dimen150
)
(D:\Aplicaciones\MikTex\tex/latex/multirow\multirow.sty
Package: multirow 2021/03/15 v2.8 Span multiple rows of a table
\multirow@colwidth=\skip51
\multirow@cntb=\count196
\multirow@dima=\skip52
\bigstrutjot=\dimen151
)
(D:\Aplicaciones\MikTex\tex/latex/amsmath\amsmath.sty
Package: amsmath 2022/04/08 v2.17n AMS math features
\@mathmargin=\skip53

For additional information on amsmath, use the `?' option.
(D:\Aplicaciones\MikTex\tex/latex/amsmath\amstext.sty
Package: amstext 2021/08/26 v2.01 AMS text

(D:\Aplicaciones\MikTex\tex/latex/amsmath\amsgen.sty
File: amsgen.sty 1999/11/30 v2.0 generic functions
\@emptytoks=\toks18
\ex@=\dimen152
))
(D:\Aplicaciones\MikTex\tex/latex/amsmath\amsbsy.sty
Package: amsbsy 1999/11/29 v1.2d Bold Symbols
\pmbraise@=\dimen153
)
(D:\Aplicaciones\MikTex\tex/latex/amsmath\amsopn.sty
Package: amsopn 2022/04/08 v2.04 operator names
)
\inf@bad=\count197
LaTeX Info: Redefining \frac on input line 234.
\uproot@=\count198
\leftroot@=\count199
LaTeX Info: Redefining \overline on input line 399.
LaTeX Info: Redefining \colon on input line 410.
\classnum@=\count266
\DOTSCASE@=\count267
LaTeX Info: Redefining \ldots on input line 496.
LaTeX Info: Redefining \dots on input line 499.
LaTeX Info: Redefining \cdots on input line 620.
\Mathstrutbox@=\box51
\strutbox@=\box52
LaTeX Info: Redefining \big on input line 722.
LaTeX Info: Redefining \Big on input line 723.
LaTeX Info: Redefining \bigg on input line 724.
LaTeX Info: Redefining \Bigg on input line 725.
\big@size=\dimen154
LaTeX Font Info:    Redeclaring font encoding OML on input line 743.
LaTeX Font Info:    Redeclaring font encoding OMS on input line 744.
\macc@depth=\count268
LaTeX Info: Redefining \bmod on input line 905.
LaTeX Info: Redefining \pmod on input line 910.
LaTeX Info: Redefining \smash on input line 940.
LaTeX Info: Redefining \relbar on input line 970.
LaTeX Info: Redefining \Relbar on input line 971.
\c@MaxMatrixCols=\count269
\dotsspace@=\muskip16
\c@parentequation=\count270
\dspbrk@lvl=\count271
\tag@help=\toks19
\row@=\count272
\column@=\count273
\maxfields@=\count274
\andhelp@=\toks20
\eqnshift@=\dimen155
\alignsep@=\dimen156
\tagshift@=\dimen157
\tagwidth@=\dimen158
\totwidth@=\dimen159
\lineht@=\dimen160
\@envbody=\toks21
\multlinegap=\skip54
\multlinetaggap=\skip55
\mathdisplay@stack=\toks22
LaTeX Info: Redefining \[ on input line 2953.
LaTeX Info: Redefining \] on input line 2954.
)
(D:\Aplicaciones\MikTex\tex/latex/amsfonts\amssymb.sty
Package: amssymb 2013/01/14 v3.01 AMS font symbols

(D:\Aplicaciones\MikTex\tex/latex/amsfonts\amsfonts.sty
Package: amsfonts 2013/01/14 v3.01 Basic AMSFonts support
\symAMSa=\mathgroup4
\symAMSb=\mathgroup5
LaTeX Font Info:    Redeclaring math symbol \hbar on input line 98.
LaTeX Font Info:    Overwriting math alphabet `\mathfrak' in version `bold'
(Font)                  U/euf/m/n --> U/euf/b/n on input line 106.
))
(D:\Aplicaciones\MikTex\tex/latex/amscls\amsthm.sty
Package: amsthm 2020/05/29 v2.20.6
\thm@style=\toks23
\thm@bodyfont=\toks24
\thm@headfont=\toks25
\thm@notefont=\toks26
\thm@headpunct=\toks27
\thm@preskip=\skip56
\thm@postskip=\skip57
\thm@headsep=\skip58
\dth@everypar=\toks28
)
(D:\Aplicaciones\MikTex\tex/latex/jknappen\mathrsfs.sty
Package: mathrsfs 1996/01/01 Math RSFS package v1.0 (jk)
\symrsfs=\mathgroup6
)
(D:\Aplicaciones\MikTex\tex/latex/graphics\rotating.sty
Package: rotating 2016/08/11 v2.16d rotated objects in LaTeX

(D:\Aplicaciones\MikTex\tex/latex/base\ifthen.sty
Package: ifthen 2022/04/13 v1.1d Standard LaTeX ifthen package (DPC)
)
\c@r@tfl@t=\count275
\rotFPtop=\skip59
\rotFPbot=\skip60
\rot@float@box=\box53
\rot@mess@toks=\toks29
)
(D:\Aplicaciones\MikTex\tex/latex/appendix\appendix.sty
Package: appendix 2020/02/08 v1.2c extra appendix facilities
\c@@pps=\count276
\c@@ppsavesec=\count277
\c@@ppsaveapp=\count278
)
(D:\Aplicaciones\MikTex\tex/latex/xcolor\xcolor.sty
Package: xcolor 2022/06/12 v2.14 LaTeX color extensions (UK)

(D:\Aplicaciones\MikTex\tex/latex/graphics-cfg\color.cfg
File: color.cfg 2016/01/02 v1.6 sample color configuration
)
Package xcolor Info: Driver file: pdftex.def on input line 227.

(D:\Aplicaciones\MikTex\tex/latex/graphics\mathcolor.ltx)
Package xcolor Info: Model `cmy' substituted by `cmy0' on input line 1353.
Package xcolor Info: Model `hsb' substituted by `rgb' on input line 1357.
Package xcolor Info: Model `RGB' extended on input line 1369.
Package xcolor Info: Model `HTML' substituted by `rgb' on input line 1371.
Package xcolor Info: Model `Hsb' substituted by `hsb' on input line 1372.
Package xcolor Info: Model `tHsb' substituted by `hsb' on input line 1373.
Package xcolor Info: Model `HSB' substituted by `hsb' on input line 1374.
Package xcolor Info: Model `Gray' substituted by `gray' on input line 1375.
Package xcolor Info: Model `wave' substituted by `hsb' on input line 1376.
)
(D:\Aplicaciones\MikTex\tex/latex/base\textcomp.sty
Package: textcomp 2020/02/02 v2.0n Standard LaTeX package
)
(D:\Aplicaciones\MikTex\tex/latex/ncctools\manyfoot.sty
Package: manyfoot 2019/08/03 v1.11 Many Footnote Levels Package (NCC)

(D:\Aplicaciones\MikTex\tex/latex/ncctools\nccfoots.sty
Package: nccfoots 2005/02/03 v1.2 NCC Footnotes Package (NCC)
)
\MFL@columnwidth=\dimen161
)
(D:\Aplicaciones\MikTex\tex/latex/booktabs\booktabs.sty
Package: booktabs 2020/01/12 v1.61803398 Publication quality tables
\heavyrulewidth=\dimen162
\lightrulewidth=\dimen163
\cmidrulewidth=\dimen164
\belowrulesep=\dimen165
\belowbottomsep=\dimen166
\aboverulesep=\dimen167
\abovetopsep=\dimen168
\cmidrulesep=\dimen169
\cmidrulekern=\dimen170
\defaultaddspace=\dimen171
\@cmidla=\count279
\@cmidlb=\count280
\@aboverulesep=\dimen172
\@belowrulesep=\dimen173
\@thisruleclass=\count281
\@lastruleclass=\count282
\@thisrulewidth=\dimen174
)
(D:\Aplicaciones\MikTex\tex/latex/algorithms\algorithm.sty
Package: algorithm 2009/08/24 v0.1 Document Style `algorithm' - floating enviro
nment

(D:\Aplicaciones\MikTex\tex/latex/float\float.sty
Package: float 2001/11/08 v1.3d Float enhancements (AL)
\c@float@type=\count283
\float@exts=\toks30
\float@box=\box54
\@float@everytoks=\toks31
\@floatcapt=\box55
)
\@float@every@algorithm=\toks32
\c@algorithm=\count284
)
(D:\Aplicaciones\MikTex\tex/latex/algorithmicx\algorithmicx.sty
Package: algorithmicx 2005/04/27 v1.2 Algorithmicx

Document Style algorithmicx 1.2 - a greatly improved `algorithmic' style
\c@ALG@line=\count285
\c@ALG@rem=\count286
\c@ALG@nested=\count287
\ALG@tlm=\skip61
\ALG@thistlm=\skip62
\c@ALG@Lnr=\count288
\c@ALG@blocknr=\count289
\c@ALG@storecount=\count290
\c@ALG@tmpcounter=\count291
\ALG@tmplength=\skip63
) (D:\Aplicaciones\MikTex\tex/latex/algorithmicx\algpseudocode.sty
Package: algpseudocode 

Document Style - pseudocode environments for use with the `algorithmicx' style
) (D:\Aplicaciones\MikTex\tex/latex/program\program.sty
\@gtempa=\dimen175
\@gtempa=\dimen176
\@gtempa=\dimen177
\@gtempa=\dimen178
\@gtempa=\dimen179
\@gtempa=\dimen180
\@gtempa=\dimen181
\@gtempa=\dimen182
\@gtempa=\dimen183
\@gtempa=\dimen184
\@gtempa=\dimen185
\@gtempa=\dimen186
\@gtempa=\dimen187
\@gtempa=\dimen188
\@gtempa=\dimen189
\@gtempa=\dimen190
\@gtempa=\dimen191
\@gtempa=\dimen192
\@gtempa=\dimen193
\@gtempa=\dimen194
\@gtempa=\dimen195
\@gtempa=\dimen196
\@gtempa=\dimen197
\@gtempa=\dimen198
\@gtempa=\dimen199
\@gtempa=\dimen256
\@gtempa=\dimen257
\@gtempa=\dimen258
\@gtempa=\dimen259
\@gtempa=\dimen260
\@gtempa=\dimen261
\@gtempa=\dimen262
\@gtempa=\dimen263
\@gtempa=\dimen264
\@gtempa=\dimen265
\@gtempa=\dimen266
\@gtempa=\dimen267
\@gtempa=\dimen268
\@gtempa=\dimen269
\@gtempa=\dimen270
\@gtempa=\dimen271
\@gtempa=\dimen272
\@gtempa=\dimen273
\@gtempa=\dimen274
\@gtempa=\dimen275
\@gtempa=\dimen276
\@gtempa=\dimen277
\@gtempa=\dimen278
\@gtempa=\dimen279
\@gtempa=\dimen280
\c@programline=\count292
\old@nxttabmar=\count293
\symeulerletters=\mathgroup7
\powersetbox=\box56


LaTeX Font Warning: Font shape `OT1/cmr/m/n' in size <16> not available
(Font)              size <17.28> substituted on input line 841.

LaTeX Font Info:    Calculating math sizes for size <16> on input line 841.

LaTeX Font Warning: Font shape `OML/cmm/m/it' in size <16> not available
(Font)              size <17.28> substituted on input line 841.


LaTeX Font Warning: Font shape `OMS/cmsy/m/n' in size <16> not available
(Font)              size <17.28> substituted on input line 841.

LaTeX Font Info:    Trying to load font information for U+msa on input line 841
.
(D:\Aplicaciones\MikTex\tex/latex/amsfonts\umsa.fd
File: umsa.fd 2013/01/14 v3.01 AMS symbols A
)
LaTeX Font Info:    Trying to load font information for U+msb on input line 841
.

(D:\Aplicaciones\MikTex\tex/latex/amsfonts\umsb.fd
File: umsb.fd 2013/01/14 v3.01 AMS symbols B
)
LaTeX Font Info:    Trying to load font information for U+rsfs on input line 84
1.

(D:\Aplicaciones\MikTex\tex/latex/jknappen\ursfs.fd
File: ursfs.fd 1998/03/24 rsfs font definition file (jk)
)

LaTeX Font Warning: Font shape `U/rsfs/m/n' in size <16> not available
(Font)              size <17.28> substituted on input line 841.

LaTeX Font Info:    Trying to load font information for U+eur on input line 841
.
(D:\Aplicaciones\MikTex\tex/latex/amsfonts\ueur.fd
File: ueur.fd 2013/01/14 v3.01 Euler Roman
))
(D:\Aplicaciones\MikTex\tex/latex/listings\listings.sty
\lst@mode=\count294
\lst@gtempboxa=\box57
\lst@token=\toks33
\lst@length=\count295
\lst@currlwidth=\dimen281
\lst@column=\count296
\lst@pos=\count297
\lst@lostspace=\dimen282
\lst@width=\dimen283
\lst@newlines=\count298
\lst@lineno=\count299
\lst@maxwidth=\dimen284

(D:\Aplicaciones\MikTex\tex/latex/listings\lstmisc.sty
File: lstmisc.sty 2020/03/24 1.8d (Carsten Heinz)
\c@lstnumber=\count300
\lst@skipnumbers=\count301
\lst@framebox=\box58
)
(D:\Aplicaciones\MikTex\tex/latex/listings\listings.cfg
File: listings.cfg 2020/03/24 1.8d listings configuration
))
Package: listings 2020/03/24 1.8d (Carsten Heinz)
\artcatbox=\box59
\aucount=\count302
\corraucount=\count303
\punctcount=\count304
\emailcnt=\count305
\c@affn=\count306
\addcount=\count307
\PacsCount=\count308
\PacsTmpCnt=\count309
\FMremarkdim=\dimen285
\fmremarkbox=\box60
\opshortpage=\dimen286
\labelwidthi=\dimen287
\labelwidthii=\dimen288
\labelwidthiii=\dimen289
\labelwidthiv=\dimen290
\figwidth=\dimen291
\figheight=\dimen292
\sidecapwidth=\dimen293
\wrapcapline=\dimen294
\totalwrapline=\dimen295
\wraptotline=\dimen296
\figurebox=\box61
\wrapfigcapbox=\box62
\figcapbox=\box63
\capbox=\box64
\headwidthskip=\skip64
\tabcapbox=\box65
\temptbox=\box66
\tempdime=\dimen297
\tabhtdime=\dimen298

(D:\Aplicaciones\MikTex\tex/latex/hyperref\hyperref.sty
Package: hyperref 2022-09-22 v7.00t Hypertext links for LaTeX

(D:\Aplicaciones\MikTex\tex/generic/ltxcmds\ltxcmds.sty
Package: ltxcmds 2020-05-10 v1.25 LaTeX kernel commands for general use (HO)
)
(D:\Aplicaciones\MikTex\tex/generic/pdftexcmds\pdftexcmds.sty
Package: pdftexcmds 2020-06-27 v0.33 Utility functions of pdfTeX for LuaTeX (HO
)

(D:\Aplicaciones\MikTex\tex/generic/infwarerr\infwarerr.sty
Package: infwarerr 2019/12/03 v1.5 Providing info/warning/error messages (HO)
)
Package pdftexcmds Info: \pdf@primitive is available.
Package pdftexcmds Info: \pdf@ifprimitive is available.
Package pdftexcmds Info: \pdfdraftmode found.
)
(D:\Aplicaciones\MikTex\tex/latex/kvsetkeys\kvsetkeys.sty
Package: kvsetkeys 2022-10-05 v1.19 Key value parser (HO)
)
(D:\Aplicaciones\MikTex\tex/generic/kvdefinekeys\kvdefinekeys.sty
Package: kvdefinekeys 2019-12-19 v1.6 Define keys (HO)
)
(D:\Aplicaciones\MikTex\tex/generic/pdfescape\pdfescape.sty
Package: pdfescape 2019/12/09 v1.15 Implements pdfTeX's escape features (HO)
)
(D:\Aplicaciones\MikTex\tex/latex/hycolor\hycolor.sty
Package: hycolor 2020-01-27 v1.10 Color options for hyperref/bookmark (HO)
)
(D:\Aplicaciones\MikTex\tex/latex/letltxmacro\letltxmacro.sty
Package: letltxmacro 2019/12/03 v1.6 Let assignment for LaTeX macros (HO)
)
(D:\Aplicaciones\MikTex\tex/latex/auxhook\auxhook.sty
Package: auxhook 2019-12-17 v1.6 Hooks for auxiliary files (HO)
)
(D:\Aplicaciones\MikTex\tex/latex/hyperref\nameref.sty
Package: nameref 2022-05-17 v2.50 Cross-referencing by name of section

(D:\Aplicaciones\MikTex\tex/latex/refcount\refcount.sty
Package: refcount 2019/12/15 v3.6 Data extraction from label references (HO)
)
(D:\Aplicaciones\MikTex\tex/generic/gettitlestring\gettitlestring.sty
Package: gettitlestring 2019/12/15 v1.6 Cleanup title references (HO)

(D:\Aplicaciones\MikTex\tex/latex/kvoptions\kvoptions.sty
Package: kvoptions 2022-06-15 v3.15 Key value format for package options (HO)
))
\c@section@level=\count310
)
\@linkdim=\dimen299
\Hy@linkcounter=\count311
\Hy@pagecounter=\count312

(D:\Aplicaciones\MikTex\tex/latex/hyperref\pd1enc.def
File: pd1enc.def 2022-09-22 v7.00t Hyperref: PDFDocEncoding definition (HO)
Now handling font encoding PD1 ...
... no UTF-8 mapping file for font encoding PD1
)
(D:\Aplicaciones\MikTex\tex/generic/intcalc\intcalc.sty
Package: intcalc 2019/12/15 v1.3 Expandable calculations with integers (HO)
)
(D:\Aplicaciones\MikTex\tex/generic/etexcmds\etexcmds.sty
Package: etexcmds 2019/12/15 v1.7 Avoid name clashes with e-TeX commands (HO)
)
\Hy@SavedSpaceFactor=\count313

(D:\Aplicaciones\MikTex\tex/latex/hyperref\puenc.def
File: puenc.def 2022-09-22 v7.00t Hyperref: PDF Unicode definition (HO)
Now handling font encoding PU ...
... no UTF-8 mapping file for font encoding PU
)
Package hyperref Info: Hyper figures OFF on input line 4162.
Package hyperref Info: Link nesting OFF on input line 4167.
Package hyperref Info: Hyper index ON on input line 4170.
Package hyperref Info: Plain pages OFF on input line 4177.
Package hyperref Info: Backreferencing OFF on input line 4182.
Package hyperref Info: Implicit mode ON; LaTeX internals redefined.
Package hyperref Info: Bookmarks ON on input line 4410.
\c@Hy@tempcnt=\count314

(D:\Aplicaciones\MikTex\tex/latex/url\url.sty
\Urlmuskip=\muskip17
Package: url 2013/09/16  ver 3.4  Verb mode for urls, etc.
)
LaTeX Info: Redefining \url on input line 4748.
\XeTeXLinkMargin=\dimen300

(D:\Aplicaciones\MikTex\tex/generic/bitset\bitset.sty
Package: bitset 2019/12/09 v1.3 Handle bit-vector datatype (HO)

(D:\Aplicaciones\MikTex\tex/generic/bigintcalc\bigintcalc.sty
Package: bigintcalc 2019/12/15 v1.5 Expandable calculations on big integers (HO
)
))
\Fld@menulength=\count315
\Field@Width=\dimen301
\Fld@charsize=\dimen302
Package hyperref Info: Hyper figures OFF on input line 6027.
Package hyperref Info: Link nesting OFF on input line 6032.
Package hyperref Info: Hyper index ON on input line 6035.
Package hyperref Info: backreferencing OFF on input line 6042.
Package hyperref Info: Link coloring OFF on input line 6047.
Package hyperref Info: Link coloring with OCG OFF on input line 6052.
Package hyperref Info: PDF/A mode OFF on input line 6057.

(D:\Aplicaciones\MikTex\tex/latex/base\atbegshi-ltx.sty
Package: atbegshi-ltx 2021/01/10 v1.0c Emulation of the original atbegshi
package with kernel methods
)
\Hy@abspage=\count316
\c@Item=\count317
\c@Hfootnote=\count318
)
Package hyperref Info: Driver (autodetected): hpdftex.

(D:\Aplicaciones\MikTex\tex/latex/hyperref\hpdftex.def
File: hpdftex.def 2022-09-22 v7.00t Hyperref driver for pdfTeX

(D:\Aplicaciones\MikTex\tex/latex/base\atveryend-ltx.sty
Package: atveryend-ltx 2020/08/19 v1.0a Emulation of the original atveryend pac
kage
with kernel methods
)
\Fld@listcount=\count319
\c@bookmark@seq@number=\count320

(D:\Aplicaciones\MikTex\tex/latex/rerunfilecheck\rerunfilecheck.sty
Package: rerunfilecheck 2022-07-10 v1.10 Rerun checks for auxiliary files (HO)

(D:\Aplicaciones\MikTex\tex/generic/uniquecounter\uniquecounter.sty
Package: uniquecounter 2019/12/15 v1.4 Provide unlimited unique counter (HO)
)
Package uniquecounter Info: New unique counter `rerunfilecheck' on input line 2
85.
)
\Hy@SectionHShift=\skip65
)
(D:\Aplicaciones\MikTex\tex/latex/breakurl\breakurl.sty
Package: breakurl 2013/04/10 v1.40 Breakable hyperref URLs

(D:\Aplicaciones\MikTex\tex/latex/xkeyval\xkeyval.sty
Package: xkeyval 2022/06/16 v2.9 package option processing (HA)

(D:\Aplicaciones\MikTex\tex/generic/xkeyval\xkeyval.tex
(D:\Aplicaciones\MikTex\tex/generic/xkeyval\xkvutils.tex
\XKV@toks=\toks34
\XKV@tempa@toks=\toks35
)
\XKV@depth=\count321
File: xkeyval.tex 2014/12/03 v2.7a key=value parser (HA)
))
(D:\Aplicaciones\MikTex\tex/generic/iftex\ifpdf.sty
Package: ifpdf 2019/10/25 v3.4 ifpdf legacy package. Use iftex instead.
)

Package breakurl Warning: You are using breakurl while processing via pdflatex.

(breakurl)                \burl will be just a synonym of \url.
(breakurl)                 on input line 48.

)
Package hyperref Info: Option `colorlinks' set `true' on input line 1486.
Package hyperref Info: Option `breaklinks' set `true' on input line 1486.
Package hyperref Info: Option `plainpages' set `false' on input line 1486.
Package hyperref Info: Option `bookmarksopen' set `true' on input line 1486.
Package hyperref Info: Option `bookmarksnumbered' set `false' on input line 148
6.
 (D:\Aplicaciones\MikTex\tex/latex/wrapfig\wrapfig.sty
\wrapoverhang=\dimen303
\WF@size=\dimen304
\c@WF@wrappedlines=\count322
\WF@box=\box67
\WF@everypar=\toks36
Package: wrapfig 2003/01/31  v 3.6
)
\wraplines=\count323
\@authorfigbox=\box68
\@authorfigboxdim=\skip66
\biofigadjskip=\skip67

(D:\Aplicaciones\MikTex\tex/latex/apacite\apacite.sty
Package: apacite 2013/07/21 v6.03 APA citation
\c@BibCnt=\count324
\bibleftmargin=\skip68
\bibindent=\skip69
\bibparsep=\skip70
\bibitemsep=\skip71
\biblabelsep=\skip72
)
(D:\Aplicaciones\MikTex\tex/latex/natbib\natbib.sty
Package: natbib 2010/09/13 8.31b (PWD, AO)
\bibhang=\skip73
\bibsep=\skip74
LaTeX Info: Redefining \cite on input line 694.
\c@NAT@ctr=\count325
)
LaTeX Info: Redefining \BBA on input line 1687.
)
\c@theorem=\count326
\c@example=\count327
\c@remark=\count328
\c@definition=\count329

(D:\Aplicaciones\MikTex\tex/latex/l3backend\l3backend-pdftex.def
File: l3backend-pdftex.def 2022-09-28 L3 backend support: PDF output (pdfTeX)
\l__color_backend_stack_int=\count330
\l__pdf_internal_box=\box69
)
(sn-article.aux)
\openout1 = `sn-article.aux'.

LaTeX Font Info:    Checking defaults for OML/cmm/m/it on input line 71.
LaTeX Font Info:    ... okay on input line 71.
LaTeX Font Info:    Checking defaults for OMS/cmsy/m/n on input line 71.
LaTeX Font Info:    ... okay on input line 71.
LaTeX Font Info:    Checking defaults for OT1/cmr/m/n on input line 71.
LaTeX Font Info:    ... okay on input line 71.
LaTeX Font Info:    Checking defaults for T1/cmr/m/n on input line 71.
LaTeX Font Info:    ... okay on input line 71.
LaTeX Font Info:    Checking defaults for TS1/cmr/m/n on input line 71.
LaTeX Font Info:    ... okay on input line 71.
LaTeX Font Info:    Checking defaults for OMX/cmex/m/n on input line 71.
LaTeX Font Info:    ... okay on input line 71.
LaTeX Font Info:    Checking defaults for U/cmr/m/n on input line 71.
LaTeX Font Info:    ... okay on input line 71.
LaTeX Font Info:    Checking defaults for PD1/pdf/m/n on input line 71.
LaTeX Font Info:    ... okay on input line 71.
LaTeX Font Info:    Checking defaults for PU/pdf/m/n on input line 71.
LaTeX Font Info:    ... okay on input line 71.
\footinsA=\insert252
\c@footnoteA=\count331
LaTeX Font Info:    Redeclaring symbol font `AMSa' on input line 71.
LaTeX Font Info:    Overwriting symbol font `AMSa' in version `normal'
(Font)                  U/msa/m/n --> U/msa/m/n on input line 71.
LaTeX Font Info:    Overwriting symbol font `AMSa' in version `bold'
(Font)                  U/msa/m/n --> U/msa/m/n on input line 71.

*geometry* driver: auto-detecting
*geometry* detected driver: pdftex
*geometry* verbose mode - [ preamble ] result:
* driver: pdftex
* paper: custom
* layout: <same size as paper>
* layoutoffset:(h,v)=(0.0pt,0.0pt)
* bindingoffset: 17.07164pt
* modes: twoside 
* h-part:(L,W,R)=(34.14331pt, 338.58778pt, 51.21498pt)
* v-part:(T,H,B)=(55.48286pt, 552.69478pt, 60.46211pt)
* \paperwidth=441.01772pt
* \paperheight=668.63976pt
* \textwidth=338.58778pt
* \textheight=552.69478pt
* \oddsidemargin=-21.05504pt
* \evensidemargin=-21.05501pt
* \topmargin=-38.22067pt
* \headheight=5.5pt
* \headsep=15.93355pt
* \topskip=10.0pt
* \footskip=28.45274pt
* \marginparwidth=34.1433pt
* \marginparsep=14.22636pt
* \columnsep=14.22636pt
* \skip\footins=8.0pt plus 4.0pt
* \hoffset=0.0pt
* \voffset=0.0pt
* \mag=1000
* \@twocolumnfalse
* \@twosidetrue
* \@mparswitchtrue
* \@reversemargintrue
* (1in=72.27pt=25.4mm, 1cm=28.453pt)

(D:\Aplicaciones\MikTex\tex/context/base/mkii\supp-pdf.mkii
[Loading MPS to PDF converter (version 2006.09.02).]
\scratchcounter=\count332
\scratchdimen=\dimen305
\scratchbox=\box70
\nofMPsegments=\count333
\nofMParguments=\count334
\everyMPshowfont=\toks37
\MPscratchCnt=\count335
\MPscratchDim=\dimen306
\MPnumerator=\count336
\makeMPintoPDFobject=\count337
\everyMPtoPDFconversion=\toks38
) (D:\Aplicaciones\MikTex\tex/latex/epstopdf-pkg\epstopdf-base.sty
Package: epstopdf-base 2020-01-24 v2.11 Base part for package epstopdf

(D:\Aplicaciones\MikTex\tex/latex/grfext\grfext.sty
Package: grfext 2019/12/03 v1.3 Manage graphics extensions (HO)
)
Package epstopdf-base Info: Redefining graphics rule for `.eps' on input line 4
85.
Package grfext Info: Graphics extension search list:
(grfext)             [.pdf,.png,.jpg,.mps,.jpeg,.jbig2,.jb2,.PDF,.PNG,.JPG,.JPE
G,.JBIG2,.JB2,.eps]
(grfext)             \AppendGraphicsExtensions on input line 504.

(D:\Aplicaciones\MikTex\tex/latex/00miktex\epstopdf-sys.cfg
File: epstopdf-sys.cfg 2021/03/18 v2.0 Configuration of epstopdf for MiKTeX
))
\c@lstlisting=\count338
Package hyperref Info: Link coloring ON on input line 71.
 (sn-article.out)
(sn-article.out)
\@outlinefile=\write3
\openout3 = `sn-article.out'.

\c@maskedRefs=\count339
 (D:\Aplicaciones\MikTex\tex/latex/apacite\english.apc
File: english.apc 2013/07/21 v6.03 apacite language file
LaTeX Info: Redefining \BPBI on input line 129.
LaTeX Info: Redefining \BHBI on input line 130.
)
LaTeX Font Info:    Calculating math sizes for size <12.045> on input line 120.



LaTeX Font Warning: Font shape `OT1/cmr/bx/n' in size <8.43146> not available
(Font)              size <8> substituted on input line 120.


LaTeX Font Warning: Font shape `OML/cmm/b/it' in size <8.43146> not available
(Font)              size <8> substituted on input line 120.


LaTeX Font Warning: Font shape `OMS/cmsy/b/n' in size <8.43146> not available
(Font)              size <8> substituted on input line 120.


LaTeX Font Warning: Font shape `U/rsfs/m/n' in size <8.43146> not available
(Font)              size <8> substituted on input line 120.


LaTeX Font Warning: Font shape `OT1/cmr/m/n' in size <8.43146> not available
(Font)              size <8> substituted on input line 120.

LaTeX Font Info:    Calculating math sizes for size <11.04124> on input line 12
0.

LaTeX Font Warning: Font shape `OT1/cmr/bx/n' in size <5.52061> not available
(Font)              size <6> substituted on input line 120.


LaTeX Font Warning: Font shape `OML/cmm/b/it' in size <5.52061> not available
(Font)              size <6> substituted on input line 120.


LaTeX Font Warning: Font shape `OMS/cmsy/b/n' in size <5.52061> not available
(Font)              size <6> substituted on input line 120.


LaTeX Font Warning: Font shape `U/rsfs/m/n' in size <5.52061> not available
(Font)              size <6> substituted on input line 120.


Underfull \hbox (badness 1107) in paragraph at lines 120--120
 \OT1/cmr/m/n/9 as a brief, non-technical sum-mary of the main results and thei
r 
 []

LaTeX Font Info:    Calculating math sizes for size <10.03749> on input line 12
0.

Underfull \vbox (badness 10000) has occurred while \output is active []

 [1{C:/Users/snake/AppData/Local/MiKTeX/fonts/map/pdftex/pdftex.map}

]
Package epstopdf Info: Source file: <fig1_papersauthors.eps>
(epstopdf)                    date: 2023-01-05 19:25:41
(epstopdf)                    size: 42110 bytes
(epstopdf)             Output file: <fig1_papersauthors-eps-converted-to.pdf>
(epstopdf)                    date: 2023-01-05 19:28:58
(epstopdf)                    size: 21923 bytes
(epstopdf)             Command: <miktex-epstopdf --outfile=fig1_papersauthors-e
ps-converted-to.pdf fig1_papersauthors.eps>
(epstopdf)             \includegraphics on input line 135.
Package epstopdf Info: Output file is already uptodate.


pdfTeX warning: pdflatex.exe (file ./fig1_papersauthors-eps-converted-to.pdf): 
PDF inclusion: found PDF version <1.7>, but at most version <1.5> allowed
<fig1_papersauthors-eps-converted-to.pdf, id=213, 272.01625pt x 199.74625pt>
File: fig1_papersauthors-eps-converted-to.pdf Graphic file (type pdf)
<use fig1_papersauthors-eps-converted-to.pdf>
Package pdftex.def Info: fig1_papersauthors-eps-converted-to.pdf  used on input
 line 135.
(pdftex.def)             Requested size: 169.29388pt x 124.3199pt.
Package epstopdf Info: Source file: <fig2_professors_dist.eps>
(epstopdf)                    date: 2023-01-05 22:45:26
(epstopdf)                    size: 12093 bytes
(epstopdf)             Output file: <fig2_professors_dist-eps-converted-to.pdf>

(epstopdf)                    date: 2023-01-05 22:45:37
(epstopdf)                    size: 6749 bytes
(epstopdf)             Command: <miktex-epstopdf --outfile=fig2_professors_dist
-eps-converted-to.pdf fig2_professors_dist.eps>
(epstopdf)             \includegraphics on input line 141.
Package epstopdf Info: Output file is already uptodate.


pdfTeX warning: pdflatex.exe (file ./fig2_professors_dist-eps-converted-to.pdf)
: PDF inclusion: found PDF version <1.7>, but at most version <1.5> allowed
<fig2_professors_dist-eps-converted-to.pdf, id=214, 336.25626pt x 42.1575pt>
File: fig2_professors_dist-eps-converted-to.pdf Graphic file (type pdf)
<use fig2_professors_dist-eps-converted-to.pdf>
Package pdftex.def Info: fig2_professors_dist-eps-converted-to.pdf  used on inp
ut line 141.
(pdftex.def)             Requested size: 237.0104pt x 29.71458pt.
Package epstopdf Info: Source file: <fig3_papersareas.eps>
(epstopdf)                    date: 2023-01-05 19:27:49
(epstopdf)                    size: 48620 bytes
(epstopdf)             Output file: <fig3_papersareas-eps-converted-to.pdf>
(epstopdf)                    date: 2023-01-05 22:11:31
(epstopdf)                    size: 17800 bytes
(epstopdf)             Command: <miktex-epstopdf --outfile=fig3_papersareas-eps
-converted-to.pdf fig3_papersareas.eps>
(epstopdf)             \includegraphics on input line 150.
Package epstopdf Info: Output file is already uptodate.


pdfTeX warning: pdflatex.exe (file ./fig3_papersareas-eps-converted-to.pdf): PD
F inclusion: found PDF version <1.7>, but at most version <1.5> allowed
<fig3_papersareas-eps-converted-to.pdf, id=216, 309.155pt x 209.78375pt>
File: fig3_papersareas-eps-converted-to.pdf Graphic file (type pdf)
<use fig3_papersareas-eps-converted-to.pdf>
Package pdftex.def Info: fig3_papersareas-eps-converted-to.pdf  used on input l
ine 150.
(pdftex.def)             Requested size: 237.0104pt x 160.83295pt.

LaTeX Warning: `h' float specifier changed to `ht'.


Package natbib Warning: Citation `dickison_magnani_rossi_2016' on page 2 undefi
ned on input line 157.


Underfull \vbox (badness 10000) has occurred while \output is active []


Overfull \vbox (1.44444pt too high) has occurred while \output is active []


[2 <./fig1_papersauthors-eps-converted-to.pdf> <./fig2_professors_dist-eps-conv
erted-to.pdf>]

Package natbib Warning: Citation `vasilyeva2021' on page 3 undefined on input l
ine 159.


Underfull \vbox (badness 10000) has occurred while \output is active []


Overfull \vbox (1.44444pt too high) has occurred while \output is active []


[3 <./fig3_papersareas-eps-converted-to.pdf>]
Underfull \vbox (badness 10000) has occurred while \output is active []


Overfull \vbox (1.44444pt too high) has occurred while \output is active []


[4]
Underfull \vbox (badness 10000) has occurred while \output is active []


Overfull \vbox (1.44444pt too high) has occurred while \output is active []


[5]
LaTeX Font Info:    Calculating math sizes for size <8.03> on input line 280.


LaTeX Font Warning: Font shape `OT1/cmr/m/n' in size <4.015> not available
(Font)              size <5> substituted on input line 280.


LaTeX Font Warning: Font shape `OML/cmm/m/it' in size <4.015> not available
(Font)              size <5> substituted on input line 280.


LaTeX Font Warning: Font shape `OMS/cmsy/m/n' in size <4.015> not available
(Font)              size <5> substituted on input line 280.


LaTeX Font Warning: Font shape `U/rsfs/m/n' in size <4.015> not available
(Font)              size <5> substituted on input line 280.


Overfull \hbox (7.4466pt too wide) in paragraph at lines 280--289
[][] 
 []


Underfull \vbox (badness 10000) has occurred while \output is active []


Overfull \vbox (1.44444pt too high) has occurred while \output is active []


[6]
Underfull \hbox (badness 1082) in paragraph at lines 354--355
\OT1/cmr/m/n/10 use [][]\OT1/cmtt/m/n/10 \begin{table*} []... []\end{table*} []
\OT1/cmr/m/n/10 instead of [][]\OT1/cmtt/m/n/10 \begin{table} []...
 []


Underfull \vbox (badness 10000) has occurred while \output is active []


Overfull \vbox (1.44444pt too high) has occurred while \output is active []


[7]
Underfull \vbox (badness 10000) has occurred while \output is active []


Overfull \vbox (1.44444pt too high) has occurred while \output is active []


[8]
Package epstopdf Info: Source file: <fig.eps>
(epstopdf)                    date: 2010-04-07 16:58:46
(epstopdf)                    size: 91593 bytes
(epstopdf)             Output file: <fig-eps-converted-to.pdf>
(epstopdf)                    date: 2023-01-03 20:19:44
(epstopdf)                    size: 3136 bytes
(epstopdf)             Command: <miktex-epstopdf --outfile=fig-eps-converted-to
.pdf fig.eps>
(epstopdf)             \includegraphics on input line 402.
Package epstopdf Info: Output file is already uptodate.


pdfTeX warning: pdflatex.exe (file ./fig-eps-converted-to.pdf): PDF inclusion: 
found PDF version <1.7>, but at most version <1.5> allowed
<fig-eps-converted-to.pdf, id=290, 505.89pt x 84.315pt>
File: fig-eps-converted-to.pdf Graphic file (type pdf)
<use fig-eps-converted-to.pdf>
Package pdftex.def Info: fig-eps-converted-to.pdf  used on input line 402.
(pdftex.def)             Requested size: 304.72693pt x 50.78879pt.

Underfull \vbox (badness 10000) has occurred while \output is active []


Overfull \vbox (1.44444pt too high) has occurred while \output is active []


[9 <./fig-eps-converted-to.pdf>]
Package hyperref Info: bookmark level for unknown algorithm defaults to 0 on in
put line 455.

(D:\Aplicaciones\MikTex\tex/latex/listings\lstlang1.sty
File: lstlang1.sty 2020/03/24 1.8d listings language file
)
LaTeX Font Info:    Trying to load font information for OMS+cmr on input line 4
97.

(D:\Aplicaciones\MikTex\tex/latex/base\omscmr.fd
File: omscmr.fd 2019/12/16 v2.5j Standard LaTeX font definitions
)
LaTeX Font Info:    Font shape `OMS/cmr/m/it' in size <10.03749> not available
(Font)              Font shape `OMS/cmsy/m/n' tried instead on input line 497.

Overfull \hbox (8.2268pt too wide) in paragraph at lines 491--503
[]$[]$ 
 []


Underfull \vbox (badness 10000) has occurred while \output is active []


Overfull \vbox (1.44444pt too high) has occurred while \output is active []


[10]
Underfull \vbox (badness 10000) has occurred while \output is active []


Overfull \vbox (1.44444pt too high) has occurred while \output is active []


[11]
Underfull \vbox (badness 10000) has occurred while \output is active []


Overfull \vbox (1.44444pt too high) has occurred while \output is active []


[12]
Underfull \hbox (badness 1377) in paragraph at lines 619--620
\OT1/cmr/m/n/10 Nature Port-fo-lio jour-nals, ([][]$https :// www [] .springer 
[] .com / gp / authors [] -editors /
 []


Underfull \vbox (badness 10000) has occurred while \output is active []


Overfull \vbox (1.44444pt too high) has occurred while \output is active []


[13]

Package hyperref Warning: Difference (4) between bookmark levels is greater 
(hyperref)                than one, level fixed on input line 635.


Package hyperref Warning: Difference (3) between bookmark levels is greater 
(hyperref)                than one, level fixed on input line 643.


Underfull \vbox (badness 10000) has occurred while \output is active []


Overfull \vbox (1.44444pt too high) has occurred while \output is active []


[14] (sn-article.bbl
Underfull \vbox (badness 10000) has occurred while \output is active []


Overfull \vbox (1.44444pt too high) has occurred while \output is active []


[15]
Underfull \hbox (badness 4582) in paragraph at lines 260--268
[]\OT1/cmr/m/n/10 (2021).  Unidad de trans-paren-cia de la UAM.  Retrieved from

 []


Underfull \hbox (badness 10000) in paragraph at lines 260--268
[][]$\OT1/cmr/m/n/10 https :// transparencia [] .uam [] .mx / inforganos / anua
rios / anuario2021 /
 []


Underfull \hbox (badness 2150) in paragraph at lines 277--285
[]\OT1/cmr/m/n/10 (2021).  Direcci^^Son de infor-maci^^Son insti-tu-cional del 
IPN.  Retrieved
 []


Underfull \hbox (badness 10000) in paragraph at lines 277--285
\OT1/cmr/m/n/10 from [][]$https :// www [] .ipn [] .mx / assets / ^^Lles / copl
aneval / docs / Evaluacion /
 []

)

Package natbib Warning: There were undefined citations.


Underfull \vbox (badness 10000) has occurred while \output is active []


Overfull \vbox (1.44444pt too high) has occurred while \output is active []


[16] (sn-article.aux)

LaTeX Font Warning: Size substitutions with differences
(Font)              up to 1.28pt have occurred.

Package rerunfilecheck Info: File `sn-article.out' has not changed.
(rerunfilecheck)             Checksum: 30E8FA5E946AC196897214D54DCB77CC;7205.
 ) 
Here is how much of TeX's memory you used:
 15717 strings out of 475385
 235394 string characters out of 2787224
 774487 words of memory out of 3000000
 36699 multiletter control sequences out of 15000+600000
 498303 words of font info for 145 fonts, out of 8000000 for 9000
 1151 hyphenation exceptions out of 8191
 87i,17n,91p,1046b,1537s stack positions out of 10000i,1000n,20000p,200000b,80000s
 <C:\Users\snake\AppData\Local\MiKTeX\fonts/pk/ljfour/jknappen/ec/dpi600\tcrm
1000.pk><D:/Aplicaciones/MikTex/fonts/type1/public/amsfonts/cmextra/cmbsy8.pfb>
<D:/Aplicaciones/MikTex/fonts/type1/public/amsfonts/cm/cmbx10.pfb><D:/Aplicacio
nes/MikTex/fonts/type1/public/amsfonts/cm/cmbx12.pfb><D:/Aplicaciones/MikTex/fo
nts/type1/public/amsfonts/cm/cmbx8.pfb><D:/Aplicaciones/MikTex/fonts/type1/publ
ic/amsfonts/cm/cmbx9.pfb><D:/Aplicaciones/MikTex/fonts/type1/public/amsfonts/cm
/cmex10.pfb><D:/Aplicaciones/MikTex/fonts/type1/public/amsfonts/cm/cmmi10.pfb><
D:/Aplicaciones/MikTex/fonts/type1/public/amsfonts/cm/cmmi6.pfb><D:/Aplicacione
s/MikTex/fonts/type1/public/amsfonts/cm/cmmi7.pfb><D:/Aplicaciones/MikTex/fonts
/type1/public/amsfonts/cm/cmmi8.pfb><D:/Aplicaciones/MikTex/fonts/type1/public/
amsfonts/cm/cmr10.pfb><D:/Aplicaciones/MikTex/fonts/type1/public/amsfonts/cm/cm
r12.pfb><D:/Aplicaciones/MikTex/fonts/type1/public/amsfonts/cm/cmr17.pfb><D:/Ap
licaciones/MikTex/fonts/type1/public/amsfonts/cm/cmr6.pfb><D:/Aplicaciones/MikT
ex/fonts/type1/public/amsfonts/cm/cmr7.pfb><D:/Aplicaciones/MikTex/fonts/type1/
public/amsfonts/cm/cmr8.pfb><D:/Aplicaciones/MikTex/fonts/type1/public/amsfonts
/cm/cmr9.pfb><D:/Aplicaciones/MikTex/fonts/type1/public/amsfonts/cm/cmss10.pfb>
<D:/Aplicaciones/MikTex/fonts/type1/public/amsfonts/cm/cmsy10.pfb><D:/Aplicacio
nes/MikTex/fonts/type1/public/amsfonts/cm/cmsy7.pfb><D:/Aplicaciones/MikTex/fon
ts/type1/public/amsfonts/cm/cmsy8.pfb><D:/Aplicaciones/MikTex/fonts/type1/publi
c/amsfonts/cm/cmti10.pfb><D:/Aplicaciones/MikTex/fonts/type1/public/amsfonts/cm
/cmti9.pfb><D:/Aplicaciones/MikTex/fonts/type1/public/amsfonts/cm/cmtt10.pfb><D
:/Aplicaciones/MikTex/fonts/type1/public/amsfonts/symbols/msam10.pfb><D:/Aplica
ciones/MikTex/fonts/type1/public/amsfonts/symbols/msbm10.pfb><D:/Aplicaciones/M
ikTex/fonts/type1/public/rsfs/rsfs10.pfb>
Output written on sn-article.pdf (16 pages, 470270 bytes).
PDF statistics:
 554 PDF objects out of 1000 (max. 8388607)
 109 named destinations out of 1000 (max. 500000)
 381 words of extra memory for PDF output out of 10000 (max. 10000000)

